2023-02-04 11:08:58 startup archives unpack
2023-02-04 11:08:58 install nano:amd64 <none> 2.2.6-1ubuntu1
2023-02-04 11:08:58 status half-installed nano:amd64 2.2.6-1ubuntu1
2023-02-04 11:08:58 status unpacked nano:amd64 2.2.6-1ubuntu1
2023-02-04 11:08:58 status unpacked nano:amd64 2.2.6-1ubuntu1
2023-02-04 11:08:58 startup packages configure
2023-02-04 11:08:58 configure nano:amd64 2.2.6-1ubuntu1 <none>
2023-02-04 11:08:58 status unpacked nano:amd64 2.2.6-1ubuntu1
2023-02-04 11:08:58 status unpacked nano:amd64 2.2.6-1ubuntu1
2023-02-04 11:08:58 status half-configured nano:amd64 2.2.6-1ubuntu1
2023-02-04 11:08:58 status installed nano:amd64 2.2.6-1ubuntu1
2023-02-06 12:17:59 startup archives unpack
2023-02-06 12:17:59 install nano:amd64 <none> 2.2.6-1ubuntu1
2023-02-06 12:17:59 status half-installed nano:amd64 2.2.6-1ubuntu1
2023-02-06 12:18:00 status unpacked nano:amd64 2.2.6-1ubuntu1
2023-02-06 12:18:00 status unpacked nano:amd64 2.2.6-1ubuntu1
2023-02-06 12:18:00 startup packages configure
2023-02-06 12:18:00 configure nano:amd64 2.2.6-1ubuntu1 <none>
2023-02-06 12:18:00 status unpacked nano:amd64 2.2.6-1ubuntu1
2023-02-06 12:18:00 status unpacked nano:amd64 2.2.6-1ubuntu1
2023-02-06 12:18:00 status half-configured nano:amd64 2.2.6-1ubuntu1
2023-02-06 12:18:00 status installed nano:amd64 2.2.6-1ubuntu1
