[Sat Feb 04 10:57:01.564475 2023] [mpm_prefork:notice] [pid 681] AH00163: Apache/2.4.7 (Ubuntu) PHP/5.5.9-1ubuntu4.22 configured -- resuming normal operations
[Sat Feb 04 10:57:01.564502 2023] [core:notice] [pid 681] AH00094: Command line: '/usr/sbin/apache2'
[Sat Feb 04 11:04:00.735716 2023] [mpm_prefork:notice] [pid 634] AH00163: Apache/2.4.7 (Ubuntu) PHP/5.5.9-1ubuntu4.22 configured -- resuming normal operations
[Sat Feb 04 11:04:00.735747 2023] [core:notice] [pid 634] AH00094: Command line: '/usr/sbin/apache2'
[Sat Feb 04 11:06:51.681299 2023] [mpm_prefork:notice] [pid 634] AH00163: Apache/2.4.7 (Ubuntu) PHP/5.5.9-1ubuntu4.22 configured -- resuming normal operations
[Sat Feb 04 11:06:51.681340 2023] [core:notice] [pid 634] AH00094: Command line: '/usr/sbin/apache2'
[Sat Feb 04 11:24:49.241724 2023] [mpm_prefork:notice] [pid 634] AH00163: Apache/2.4.7 (Ubuntu) PHP/5.5.9-1ubuntu4.22 configured -- resuming normal operations
[Sat Feb 04 11:24:49.241749 2023] [core:notice] [pid 634] AH00094: Command line: '/usr/sbin/apache2'
[Sat Feb 04 11:26:40.838806 2023] [mpm_prefork:notice] [pid 634] AH00163: Apache/2.4.7 (Ubuntu) PHP/5.5.9-1ubuntu4.22 configured -- resuming normal operations
[Sat Feb 04 11:26:40.838831 2023] [core:notice] [pid 634] AH00094: Command line: '/usr/sbin/apache2'
[Sat Feb 04 11:27:15.845704 2023] [mpm_prefork:notice] [pid 634] AH00163: Apache/2.4.7 (Ubuntu) PHP/5.5.9-1ubuntu4.22 configured -- resuming normal operations
[Sat Feb 04 11:27:15.845729 2023] [core:notice] [pid 634] AH00094: Command line: '/usr/sbin/apache2'
[Sat Feb 04 11:28:34.802202 2023] [mpm_prefork:notice] [pid 634] AH00163: Apache/2.4.7 (Ubuntu) PHP/5.5.9-1ubuntu4.22 configured -- resuming normal operations
[Sat Feb 04 11:28:34.802234 2023] [core:notice] [pid 634] AH00094: Command line: '/usr/sbin/apache2'
[Sat Feb 04 11:29:28.457655 2023] [mpm_prefork:notice] [pid 634] AH00163: Apache/2.4.7 (Ubuntu) PHP/5.5.9-1ubuntu4.22 configured -- resuming normal operations
[Sat Feb 04 11:29:28.457680 2023] [core:notice] [pid 634] AH00094: Command line: '/usr/sbin/apache2'
[Sat Feb 04 11:46:47.124623 2023] [mpm_prefork:notice] [pid 634] AH00163: Apache/2.4.7 (Ubuntu) PHP/5.5.9-1ubuntu4.22 configured -- resuming normal operations
[Sat Feb 04 11:46:47.124652 2023] [core:notice] [pid 634] AH00094: Command line: '/usr/sbin/apache2'
[Sat Feb 04 11:49:12.681243 2023] [mpm_prefork:notice] [pid 634] AH00163: Apache/2.4.7 (Ubuntu) PHP/5.5.9-1ubuntu4.22 configured -- resuming normal operations
[Sat Feb 04 11:49:12.681268 2023] [core:notice] [pid 634] AH00094: Command line: '/usr/sbin/apache2'
[Sat Feb 04 12:03:08.470654 2023] [mpm_prefork:notice] [pid 634] AH00163: Apache/2.4.7 (Ubuntu) PHP/5.5.9-1ubuntu4.22 configured -- resuming normal operations
[Sat Feb 04 12:03:08.470686 2023] [core:notice] [pid 634] AH00094: Command line: '/usr/sbin/apache2'
[Sat Feb 04 12:05:30.144928 2023] [mpm_prefork:notice] [pid 634] AH00163: Apache/2.4.7 (Ubuntu) PHP/5.5.9-1ubuntu4.22 configured -- resuming normal operations
[Sat Feb 04 12:05:30.144952 2023] [core:notice] [pid 634] AH00094: Command line: '/usr/sbin/apache2'
[Sat Feb 04 12:06:22.538979 2023] [mpm_prefork:notice] [pid 634] AH00163: Apache/2.4.7 (Ubuntu) PHP/5.5.9-1ubuntu4.22 configured -- resuming normal operations
[Sat Feb 04 12:06:22.539009 2023] [core:notice] [pid 634] AH00094: Command line: '/usr/sbin/apache2'
[Mon Feb 06 12:09:52.028110 2023] [mpm_prefork:notice] [pid 634] AH00163: Apache/2.4.7 (Ubuntu) PHP/5.5.9-1ubuntu4.22 configured -- resuming normal operations
[Mon Feb 06 12:09:52.028311 2023] [core:notice] [pid 634] AH00094: Command line: '/usr/sbin/apache2'
[Mon Feb 06 12:16:41.197568 2023] [mpm_prefork:notice] [pid 641] AH00163: Apache/2.4.7 (Ubuntu) PHP/5.5.9-1ubuntu4.22 configured -- resuming normal operations
[Mon Feb 06 12:16:41.197595 2023] [core:notice] [pid 641] AH00094: Command line: '/usr/sbin/apache2'
[Mon Feb 06 12:20:24.007095 2023] [mpm_prefork:notice] [pid 634] AH00163: Apache/2.4.7 (Ubuntu) PHP/5.5.9-1ubuntu4.22 configured -- resuming normal operations
[Mon Feb 06 12:20:24.007122 2023] [core:notice] [pid 634] AH00094: Command line: '/usr/sbin/apache2'
[Tue Feb 07 11:07:26.518911 2023] [core:warn] [pid 633] AH00098: pid file /var/run/apache2/apache2.pid overwritten -- Unclean shutdown of previous Apache run?
[Tue Feb 07 11:07:26.521005 2023] [mpm_prefork:notice] [pid 633] AH00163: Apache/2.4.7 (Ubuntu) PHP/5.5.9-1ubuntu4.22 configured -- resuming normal operations
[Tue Feb 07 11:07:26.521018 2023] [core:notice] [pid 633] AH00094: Command line: '/usr/sbin/apache2'
[Thu Feb 09 12:57:40.383298 2023] [mpm_prefork:notice] [pid 634] AH00163: Apache/2.4.7 (Ubuntu) PHP/5.5.9-1ubuntu4.22 configured -- resuming normal operations
[Thu Feb 09 12:57:40.383486 2023] [core:notice] [pid 634] AH00094: Command line: '/usr/sbin/apache2'
[Thu Feb 09 13:01:34.139238 2023] [mpm_prefork:notice] [pid 634] AH00163: Apache/2.4.7 (Ubuntu) PHP/5.5.9-1ubuntu4.22 configured -- resuming normal operations
[Thu Feb 09 13:01:34.139265 2023] [core:notice] [pid 634] AH00094: Command line: '/usr/sbin/apache2'
[Thu Feb 09 13:05:14.590439 2023] [mpm_prefork:notice] [pid 634] AH00163: Apache/2.4.7 (Ubuntu) PHP/5.5.9-1ubuntu4.22 configured -- resuming normal operations
[Thu Feb 09 13:05:14.590475 2023] [core:notice] [pid 634] AH00094: Command line: '/usr/sbin/apache2'
[Thu Feb 09 15:17:19.473129 2023] [mpm_prefork:notice] [pid 634] AH00163: Apache/2.4.7 (Ubuntu) PHP/5.5.9-1ubuntu4.22 configured -- resuming normal operations
[Thu Feb 09 15:17:19.473317 2023] [core:notice] [pid 634] AH00094: Command line: '/usr/sbin/apache2'
[Thu Feb 09 15:17:49.351317 2023] [mpm_prefork:notice] [pid 634] AH00163: Apache/2.4.7 (Ubuntu) PHP/5.5.9-1ubuntu4.22 configured -- resuming normal operations
[Thu Feb 09 15:17:49.351435 2023] [core:notice] [pid 634] AH00094: Command line: '/usr/sbin/apache2'
[Thu Feb 09 15:42:59.310944 2023] [:error] [pid 640] [client 192.168.20.1:60114] PostfixAdmin login failed (username: admin), referer: http://mail.local/postfixadmin/login.php
[Thu Feb 09 15:43:30.179432 2023] [:error] [pid 641] [client 192.168.20.1:60122] PostfixAdmin login failed (username: admin@mail.local), referer: http://mail.local/postfixadmin/login.php
[Thu Feb 09 15:43:34.082235 2023] [:error] [pid 641] [client 192.168.20.1:60122] PostfixAdmin login failed (username: ), referer: http://mail.local/postfixadmin/login.php
[Thu Feb 09 15:43:53.524104 2023] [:error] [pid 642] [client 192.168.20.1:41856] PostfixAdmin login failed (username: admin), referer: http://mail.local/postfixadmin/login.php
[Thu Feb 09 15:43:54.514885 2023] [:error] [pid 642] [client 192.168.20.1:41856] PostfixAdmin login failed (username: ), referer: http://mail.local/postfixadmin/login.php
[Thu Feb 09 15:45:10.763722 2023] [mpm_prefork:notice] [pid 634] AH00163: Apache/2.4.7 (Ubuntu) PHP/5.5.9-1ubuntu4.22 configured -- resuming normal operations
[Thu Feb 09 15:45:10.763756 2023] [core:notice] [pid 634] AH00094: Command line: '/usr/sbin/apache2'
[Thu Feb 09 15:45:44.512229 2023] [mpm_prefork:notice] [pid 634] AH00163: Apache/2.4.7 (Ubuntu) PHP/5.5.9-1ubuntu4.22 configured -- resuming normal operations
[Thu Feb 09 15:45:44.512263 2023] [core:notice] [pid 634] AH00094: Command line: '/usr/sbin/apache2'
[Thu Feb 09 15:45:50.343567 2023] [:error] [pid 639] [client 192.168.20.1:40598] PostfixAdmin login failed (username: admin), referer: http://mail.local/postfixadmin/login.php
[Thu Feb 09 15:46:04.406614 2023] [:error] [pid 640] [client 192.168.20.1:60794] PostfixAdmin login failed (username: admin), referer: http://mail.local/postfixadmin/login.php
[Thu Feb 09 15:47:09.160096 2023] [mpm_prefork:notice] [pid 634] AH00163: Apache/2.4.7 (Ubuntu) PHP/5.5.9-1ubuntu4.22 configured -- resuming normal operations
[Thu Feb 09 15:47:09.160123 2023] [core:notice] [pid 634] AH00094: Command line: '/usr/sbin/apache2'
[Fri Feb 10 10:06:09.403108 2023] [core:warn] [pid 633] AH00098: pid file /var/run/apache2/apache2.pid overwritten -- Unclean shutdown of previous Apache run?
[Fri Feb 10 10:06:09.405600 2023] [mpm_prefork:notice] [pid 633] AH00163: Apache/2.4.7 (Ubuntu) PHP/5.5.9-1ubuntu4.22 configured -- resuming normal operations
[Fri Feb 10 10:06:09.405627 2023] [core:notice] [pid 633] AH00094: Command line: '/usr/sbin/apache2'
[Fri Feb 10 10:30:34.906254 2023] [mpm_prefork:notice] [pid 634] AH00163: Apache/2.4.7 (Ubuntu) PHP/5.5.9-1ubuntu4.22 configured -- resuming normal operations
[Fri Feb 10 10:30:34.906283 2023] [core:notice] [pid 634] AH00094: Command line: '/usr/sbin/apache2'
[Fri Feb 10 12:34:00.833435 2023] [mpm_prefork:notice] [pid 634] AH00163: Apache/2.4.7 (Ubuntu) PHP/5.5.9-1ubuntu4.22 configured -- resuming normal operations
[Fri Feb 10 12:34:00.833463 2023] [core:notice] [pid 634] AH00094: Command line: '/usr/sbin/apache2'
[Sat Feb 11 10:14:17.672933 2023] [mpm_prefork:notice] [pid 634] AH00163: Apache/2.4.7 (Ubuntu) PHP/5.5.9-1ubuntu4.22 configured -- resuming normal operations
[Sat Feb 11 10:14:17.673058 2023] [core:notice] [pid 634] AH00094: Command line: '/usr/sbin/apache2'
[Sat Feb 11 10:22:43.416167 2023] [mpm_prefork:notice] [pid 635] AH00163: Apache/2.4.7 (Ubuntu) PHP/5.5.9-1ubuntu4.22 configured -- resuming normal operations
[Sat Feb 11 10:22:43.416193 2023] [core:notice] [pid 635] AH00094: Command line: '/usr/sbin/apache2'
[Sat Feb 11 10:46:04.131431 2023] [mpm_prefork:notice] [pid 635] AH00163: Apache/2.4.7 (Ubuntu) PHP/5.5.9-1ubuntu4.22 configured -- resuming normal operations
[Sat Feb 11 10:46:04.131486 2023] [core:notice] [pid 635] AH00094: Command line: '/usr/sbin/apache2'
[Sat Feb 11 12:23:32.753039 2023] [mpm_prefork:notice] [pid 635] AH00163: Apache/2.4.7 (Ubuntu) PHP/5.5.9-1ubuntu4.22 configured -- resuming normal operations
[Sat Feb 11 12:23:32.753074 2023] [core:notice] [pid 635] AH00094: Command line: '/usr/sbin/apache2'
